-------------------------------------------------------------------------------
Test set: com.itmuch.contentcenter.ContentCenterApplicationTests
-------------------------------------------------------------------------------
Tests run: 1, Failures: 0, Errors: 1, Skipped: 0, Time elapsed: 27.445 s <<< FAILURE! - in com.itmuch.contentcenter.ContentCenterApplicationTests
contextLoads(com.itmuch.contentcenter.ContentCenterApplicationTests)  Time elapsed: 0.001 s  <<< ERROR!
java.lang.IllegalStateException: Failed to load ApplicationContext
Caused by: org.springframework.beans.factory.BeanCreationException: Error creating bean with name 'scopedTarget.testController': Injection of autowired dependencies failed; nested exception is java.lang.IllegalArgumentException: Could not resolve placeholder 'your.configuration' in value "${your.configuration}"
Caused by: java.lang.IllegalArgumentException: Could not resolve placeholder 'your.configuration' in value "${your.configuration}"

